<?xml version="1.0" encoding="UTF-8"?>
<!-- Generated by org.testng.reporters.JUnitXMLReporter -->
<testsuite hostname="DESKTOP-5NIOMS0" ignored="0" name="Book Store App" tests="2" failures="0" timestamp="07 Feb 2021 18:02:02 GMT" time="36.622" errors="0">
  <testcase name="validatePageImgTest" time="0.097" classname="com.POMDemo4.qa.testcases.HomePageTest"/>
  <testcase name="loginTest" time="7.159" classname="com.POMDemo4.qa.testcases.SBookStoreLoginTest"/>
</testsuite> <!-- Book Store App -->
