<?xml version="1.0" encoding="UTF-8"?>
<testng-results skipped="0" failed="0" ignored="0" total="2" passed="2">
  <reporter-output>
  </reporter-output>
  <suite name="My Suite" duration-ms="36622" started-at="2021-02-07T18:01:25Z" finished-at="2021-02-07T18:02:02Z">
    <groups>
    </groups>
    <test name="Book Store App" duration-ms="36622" started-at="2021-02-07T18:01:25Z" finished-at="2021-02-07T18:02:02Z">
      <class name="com.POMDemo4.qa.testcases.HomePageTest">
        <test-method status="PASS" signature="setUp()[pri:0, instance:com.POMDemo4.qa.testcases.HomePageTest@7ce6a65d]" name="setUp" is-config="true" duration-ms="17573" started-at="2021-02-07T13:01:25Z" finished-at="2021-02-07T13:01:43Z">
          <reporter-output>
          </reporter-output>
        </test-method> <!-- setUp -->
        <test-method status="PASS" signature="validatePageImgTest()[pri:0, instance:com.POMDemo4.qa.testcases.HomePageTest@7ce6a65d]" name="validatePageImgTest" duration-ms="97" started-at="2021-02-07T13:01:43Z" finished-at="2021-02-07T13:01:43Z">
          <reporter-output>
          </reporter-output>
        </test-method> <!-- validatePageImgTest -->
        <test-method status="PASS" signature="tearDown(org.testng.ITestResult)[pri:0, instance:com.POMDemo4.qa.testcases.HomePageTest@7ce6a65d]" name="tearDown" is-config="true" duration-ms="753" started-at="2021-02-07T13:01:43Z" finished-at="2021-02-07T13:01:44Z">
          <params>
            <param index="0">
              <value>
                <![CDATA[[TestResult name=validatePageImgTest status=SUCCESS method=HomePageTest.validatePageImgTest()[pri:0, instance:com.POMDemo4.qa.testcases.HomePageTest@7ce6a65d] output={null}]]]>
              </value>
            </param>
          </params>
          <reporter-output>
          </reporter-output>
        </test-method> <!-- tearDown -->
      </class> <!-- com.POMDemo4.qa.testcases.HomePageTest -->
      <class name="com.POMDemo4.qa.testcases.SBookStoreLoginTest">
        <test-method status="PASS" signature="setUp()[pri:0, instance:com.POMDemo4.qa.testcases.SBookStoreLoginTest@1500955a]" name="setUp" is-config="true" duration-ms="10107" started-at="2021-02-07T13:01:44Z" finished-at="2021-02-07T13:01:54Z">
          <reporter-output>
          </reporter-output>
        </test-method> <!-- setUp -->
        <test-method status="PASS" signature="loginTest()[pri:1, instance:com.POMDemo4.qa.testcases.SBookStoreLoginTest@1500955a]" name="loginTest" duration-ms="7159" started-at="2021-02-07T13:01:54Z" finished-at="2021-02-07T13:02:01Z">
          <reporter-output>
          </reporter-output>
        </test-method> <!-- loginTest -->
        <test-method status="PASS" signature="tearDown(org.testng.ITestResult)[pri:0, instance:com.POMDemo4.qa.testcases.SBookStoreLoginTest@1500955a]" name="tearDown" is-config="true" duration-ms="693" started-at="2021-02-07T13:02:01Z" finished-at="2021-02-07T13:02:02Z">
          <params>
            <param index="0">
              <value>
                <![CDATA[[TestResult name=loginTest status=SUCCESS method=SBookStoreLoginTest.loginTest()[pri:1, instance:com.POMDemo4.qa.testcases.SBookStoreLoginTest@1500955a] output={null}]]]>
              </value>
            </param>
          </params>
          <reporter-output>
          </reporter-output>
        </test-method> <!-- tearDown -->
        <test-method status="PASS" signature="endReport()[pri:0, instance:com.POMDemo4.qa.testcases.SBookStoreLoginTest@1500955a]" name="endReport" is-config="true" duration-ms="224" started-at="2021-02-07T13:02:02Z" finished-at="2021-02-07T13:02:02Z">
          <reporter-output>
          </reporter-output>
        </test-method> <!-- endReport -->
      </class> <!-- com.POMDemo4.qa.testcases.SBookStoreLoginTest -->
    </test> <!-- Book Store App -->
  </suite> <!-- My Suite -->
</testng-results>
